[     120ms] [INFO] %cDownload the React DevTools for a better development experience: https://react.dev/link/react-devtools font-weight:bold @ http://localhost:3401/_next/static/chunks/0kic_next_dist_0z41kha._.js:2477
[     130ms] [LOG] [HMR] connected @ http://localhost:3401/_next/static/chunks/0kic_next_dist_0z41kha._.js:2477
[     216ms] Error: Hydration failed because the server rendered HTML didn't match the client. As a result this tree will be regenerated on the client. This can happen if a SSR-ed Client Component used:

- A server/client branch `if (typeof window !== 'undefined')`.
- Variable input such as `Date.now()` or `Math.random()` which changes each time it's called.
- Date formatting in a user's locale which doesn't match the server.
- External changing data without sending a snapshot of it along with the HTML.
- Invalid HTML tag nesting.

It can also happen if the client has a browser extension installed which messes with the HTML before React loaded.

https://react.dev/link/hydration-mismatch

  ...
    <SegmentViewNode type="page" pagePath="page.tsx">
      <SegmentTrieNode>
      <Page>
        <AudioContent highlighted={{usage:"<pr...", ...}}>
          <div className="flex min-h...">
            <div>
            <style>
            <header>
            <motion.div>
            <motion.section id="playground" style={{...}} className="w-full max..." initial={{opacity:0,y:12}} ...>
              <section id="playground" className="w-full max..." style={{...}} ref={function useMotionRef.useCallback}>
                <div className="grid grid-...">
                  <SoundTile sound={{label:"tap", ...}} reduced={false}>
                    <motion.button ref={{current:null}} type="button" onClick={function tap2} whileTap={{scale:0.97}} ...>
                      <button type="button" onClick={function tap2} className="flex flex-..." tabIndex={0} style={{}} ...>
                        <div>
                        <SpecViz spec={{name:"tap", ...}}>
                          <svg aria-hidden="true" viewBox="0 0 96 36" width={96} height={36} className="block">
                            <title>
+                             tap
                              ...
                            ...
                        ...
                  ...
            ...
    ...

    at throwOnHydrationMismatch (http://localhost:3401/_next/static/chunks/0kic_next_dist_compiled_react-dom_0cwd7~c._.js:3318:56)
    at beginWork (http://localhost:3401/_next/static/chunks/0kic_next_dist_compiled_react-dom_0cwd7~c._.js:6760:752)
    at runWithFiberInDEV (http://localhost:3401/_next/static/chunks/0kic_next_dist_compiled_react-dom_0cwd7~c._.js:965:74)
    at performUnitOfWork (http://localhost:3401/_next/static/chunks/0kic_next_dist_compiled_react-dom_0cwd7~c._.js:9555:97)
    at workLoopConcurrentByScheduler (http://localhost:3401/_next/static/chunks/0kic_next_dist_compiled_react-dom_0cwd7~c._.js:9551:58)
    at renderRootConcurrent (http://localhost:3401/_next/static/chunks/0kic_next_dist_compiled_react-dom_0cwd7~c._.js:9534:71)
    at performWorkOnRoot (http://localhost:3401/_next/static/chunks/0kic_next_dist_compiled_react-dom_0cwd7~c._.js:9061:150)
    at performWorkOnRootViaSchedulerTask (http://localhost:3401/_next/static/chunks/0kic_next_dist_compiled_react-dom_0cwd7~c._.js:10255:9)
    at MessagePort.performWorkUntilDeadline (http://localhost:3401/_next/static/chunks/0kic_next_dist_compiled_0-rd57x._.js:2647:64)
